Arguments: 
  C:\Program Files\nodejs\node.exe C:\Users\alex\AppData\Roaming\npm\node_modules\yarn\bin\yarn.js

PATH: 
  C:\Program Files (x86)\Common Files\Oracle\Java\javapath;C:\Windows\system32;C:\Windows;C:\Windows\System32\Wbem;C:\Windows\System32\WindowsPowerShell\v1.0\;C:\Program Files\Git\cmd;C:\Program Files\nodejs\;C:\ProgramData\chocolatey\bin;C:\Program Files\PuTTY\;C:\Users\alex\AppData\Local\Microsoft\WindowsApps;C:\Users\alex\AppData\Roaming\npm;C:\Users\alex\AppData\Local\Programs\Microsoft VS Code\bin

Yarn version: 
  1.22.17

Node version: 
  16.13.2

Platform: 
  win32 x64

Trace: 
  SyntaxError: C:\Users\alex\Documents\vscode\portfolio\package.json: Unexpected token } in JSON at position 479
      at JSON.parse (<anonymous>)
      at C:\Users\alex\AppData\Roaming\npm\node_modules\yarn\lib\cli.js:1625:59
      at Generator.next (<anonymous>)
      at step (C:\Users\alex\AppData\Roaming\npm\node_modules\yarn\lib\cli.js:310:30)
      at C:\Users\alex\AppData\Roaming\npm\node_modules\yarn\lib\cli.js:321:13

npm manifest: 
  {
    "name": "portfolio",
    "version": "0.1.0",
    "private": true,
    "dependencies": {
      "@reduxjs/toolkit": "^1.7.1",
      "@testing-library/jest-dom": "^5.11.4",
      "@testing-library/react": "^11.1.0",
      "@testing-library/user-event": "^12.1.10",
      "emailjs-com": "^3.2.0",
      "react": "^17.0.2",
      "react-dom": "^17.0.2",
      "react-redux": "^7.2.6",
      "react-router-dom": "^6.0.2",
      "react-scripts": "4.0.3",
      "sass": "^1.44.0",
      "web-vitals": "^1.0.1",
    },
    "scripts": {
      "start": "react-scripts start",
      "build": "react-scripts build",
      "test": "react-scripts test",
      "eject": "react-scripts eject"
    },
    "eslintConfig": {
      "extends": [
        "react-app",
        "react-app/jest"
      ]
    },
    "browserslist": {
      "production": [
        ">0.2%",
        "not dead",
        "not op_mini all"
      ],
      "development": [
        "last 1 chrome version",
        "last 1 firefox version",
        "last 1 safari version"
      ]
    }
  }

yarn manifest: 
  No manifest

Lockfile: 
  No lockfile
